<?xml version="1.0" encoding="UTF-8"?>
<testng-results ignored="0" total="1" passed="1" failed="0" skipped="0">
  <reporter-output>
  </reporter-output>
  <suite started-at="2023-10-13T22:51:33 MESZ" name="Command line suite" finished-at="2023-10-13T22:51:35 MESZ" duration-ms="2113">
    <groups>
      <group name="cucumber">
        <method signature="AbstractTestNGCucumberTests.runScenario(io.cucumber.testng.PickleWrapper,io.cucumber.testng.FeatureWrapper)[pri:0, instance:day034_mrtt_runners_reports.runners.Runner1CucumberOptions@3d3fcdb0]" name="runScenario" class="io.cucumber.testng.AbstractTestNGCucumberTests"/>
      </group> <!-- cucumber -->
    </groups>
    <test started-at="2023-10-13T22:51:33 MESZ" name="Command line test" finished-at="2023-10-13T22:51:35 MESZ" duration-ms="2113">
      <class name="day034_mrtt_runners_reports.runners.Runner1CucumberOptions">
        <test-method is-config="true" signature="setUpClass(org.testng.ITestContext)[pri:0, instance:day034_mrtt_runners_reports.runners.Runner1CucumberOptions@3d3fcdb0]" started-at="2023-10-13T22:51:33 MESZ" name="setUpClass" finished-at="2023-10-13T22:51:33 MESZ" duration-ms="522" status="PASS">
          <params>
            <param index="0">
              <value>
                <![CDATA[org.testng.TestRunner@4a03bb68]]>
              </value>
            </param>
          </params>
          <reporter-output>
          </reporter-output>
        </test-method> <!-- setUpClass -->
        <test-method signature="runScenario(io.cucumber.testng.PickleWrapper,io.cucumber.testng.FeatureWrapper)[pri:0, instance:day034_mrtt_runners_reports.runners.Runner1CucumberOptions@3d3fcdb0]" started-at="2023-10-13T22:51:33 MESZ" name="runScenario" description="Runs Cucumber Scenarios" data-provider="scenarios" finished-at="2023-10-13T22:51:33 MESZ" duration-ms="80" status="PASS">
          <params>
            <param index="0">
              <value>
                <![CDATA["Scenario1"]]>
              </value>
            </param>
            <param index="1">
              <value>
                <![CDATA["Runners and reports"]]>
              </value>
            </param>
          </params>
          <reporter-output>
          </reporter-output>
        </test-method> <!-- runScenario -->
        <test-method is-config="true" signature="tearDownClass()[pri:0, instance:day034_mrtt_runners_reports.runners.Runner1CucumberOptions@3d3fcdb0]" started-at="2023-10-13T22:51:33 MESZ" name="tearDownClass" finished-at="2023-10-13T22:51:35 MESZ" duration-ms="1467" status="PASS">
          <reporter-output>
          </reporter-output>
        </test-method> <!-- tearDownClass -->
      </class> <!-- day034_mrtt_runners_reports.runners.Runner1CucumberOptions -->
    </test> <!-- Command line test -->
  </suite> <!-- Command line suite -->
</testng-results>
